<?xml version="1.0" encoding="UTF-8"?>
<testsuites>
  <testsuite name="C:\Users\ASUS\sikerma-polibatam\backend\phpunit.xml" tests="218" assertions="620" errors="0" failures="0" skipped="0" time="7.255585">
    <testsuite name="Unit" tests="23" assertions="33" errors="0" failures="0" skipped="0" time="1.438256">
      <testsuite name="Tests\Unit\ExampleTest" file="C:\Users\ASUS\sikerma-polibatam\backend\tests\Unit\ExampleTest.php" tests="1" assertions="1" errors="0" failures="0" skipped="0" time="0.002780">
        <testcase name="test_that_true_is_true" file="C:\Users\ASUS\sikerma-polibatam\backend\tests\Unit\ExampleTest.php" line="12" class="Tests\Unit\ExampleTest" classname="Tests.Unit.ExampleTest" assertions="1" time="0.002780"/>
      </testsuite>
      <testsuite name="Tests\Unit\OtpCodeTest" file="C:\Users\ASUS\sikerma-polibatam\backend\tests\Unit\OtpCodeTest.php" tests="5" assertions="7" errors="0" failures="0" skipped="0" time="0.807549">
        <testcase name="test_otp_belum_kedaluwarsa_jika_waktu_masih_ada" file="C:\Users\ASUS\sikerma-polibatam\backend\tests\Unit\OtpCodeTest.php" line="24" class="Tests\Unit\OtpCodeTest" classname="Tests.Unit.OtpCodeTest" assertions="1" time="0.700300"/>
        <testcase name="test_otp_sudah_kedaluwarsa_jika_waktu_telah_lewat" file="C:\Users\ASUS\sikerma-polibatam\backend\tests\Unit\OtpCodeTest.php" line="31" class="Tests\Unit\OtpCodeTest" classname="Tests.Unit.OtpCodeTest" assertions="1" time="0.027429"/>
        <testcase name="test_otp_dapat_ditandai_sebagai_sudah_digunakan" file="C:\Users\ASUS\sikerma-polibatam\backend\tests\Unit\OtpCodeTest.php" line="38" class="Tests\Unit\OtpCodeTest" classname="Tests.Unit.OtpCodeTest" assertions="1" time="0.026850"/>
        <testcase name="test_form_data_tersimpan_dan_dapat_dibaca_sebagai_array" file="C:\Users\ASUS\sikerma-polibatam\backend\tests\Unit\OtpCodeTest.php" line="47" class="Tests\Unit\OtpCodeTest" classname="Tests.Unit.OtpCodeTest" assertions="2" time="0.024693"/>
        <testcase name="test_otp_terdiri_dari_6_digit" file="C:\Users\ASUS\sikerma-polibatam\backend\tests\Unit\OtpCodeTest.php" line="56" class="Tests\Unit\OtpCodeTest" classname="Tests.Unit.OtpCodeTest" assertions="2" time="0.028276"/>
      </testsuite>
      <testsuite name="Tests\Unit\PengajuanModelTest" file="C:\Users\ASUS\sikerma-polibatam\backend\tests\Unit\PengajuanModelTest.php" tests="10" assertions="13" errors="0" failures="0" skipped="0" time="0.323590">
        <testcase name="test_pengajuan_dapat_dibuat" file="C:\Users\ASUS\sikerma-polibatam\backend\tests\Unit\PengajuanModelTest.php" line="29" class="Tests\Unit\PengajuanModelTest" classname="Tests.Unit.PengajuanModelTest" assertions="2" time="0.031438"/>
        <testcase name="test_status_default_adalah_menunggu" file="C:\Users\ASUS\sikerma-polibatam\backend\tests\Unit\PengajuanModelTest.php" line="41" class="Tests\Unit\PengajuanModelTest" classname="Tests.Unit.PengajuanModelTest" assertions="1" time="0.023352"/>
        <testcase name="test_pengajuan_dapat_update_status" file="C:\Users\ASUS\sikerma-polibatam\backend\tests\Unit\PengajuanModelTest.php" line="48" class="Tests\Unit\PengajuanModelTest" classname="Tests.Unit.PengajuanModelTest" assertions="1" time="0.022337"/>
        <testcase name="test_ruang_lingkup_ids_disimpan_sebagai_array" file="C:\Users\ASUS\sikerma-polibatam\backend\tests\Unit\PengajuanModelTest.php" line="56" class="Tests\Unit\PengajuanModelTest" classname="Tests.Unit.PengajuanModelTest" assertions="2" time="0.026363"/>
        <testcase name="test_relasi_ke_unit_prodi" file="C:\Users\ASUS\sikerma-polibatam\backend\tests\Unit\PengajuanModelTest.php" line="65" class="Tests\Unit\PengajuanModelTest" classname="Tests.Unit.PengajuanModelTest" assertions="1" time="0.031258"/>
        <testcase name="test_relasi_ke_master_mitra" file="C:\Users\ASUS\sikerma-polibatam\backend\tests\Unit\PengajuanModelTest.php" line="79" class="Tests\Unit\PengajuanModelTest" classname="Tests.Unit.PengajuanModelTest" assertions="1" time="0.029340"/>
        <testcase name="test_relasi_aktivitas" file="C:\Users\ASUS\sikerma-polibatam\backend\tests\Unit\PengajuanModelTest.php" line="91" class="Tests\Unit\PengajuanModelTest" classname="Tests.Unit.PengajuanModelTest" assertions="1" time="0.034807"/>
        <testcase name="test_relasi_catatan_admin" file="C:\Users\ASUS\sikerma-polibatam\backend\tests\Unit\PengajuanModelTest.php" line="106" class="Tests\Unit\PengajuanModelTest" classname="Tests.Unit.PengajuanModelTest" assertions="1" time="0.073882"/>
        <testcase name="test_nomor_pengajuan_dapat_diset" file="C:\Users\ASUS\sikerma-polibatam\backend\tests\Unit\PengajuanModelTest.php" line="120" class="Tests\Unit\PengajuanModelTest" classname="Tests.Unit.PengajuanModelTest" assertions="1" time="0.024789"/>
        <testcase name="test_tahapan_riwayat_disimpan_sebagai_array" file="C:\Users\ASUS\sikerma-polibatam\backend\tests\Unit\PengajuanModelTest.php" line="127" class="Tests\Unit\PengajuanModelTest" classname="Tests.Unit.PengajuanModelTest" assertions="2" time="0.026023"/>
      </testsuite>
      <testsuite name="Tests\Unit\UserTest" file="C:\Users\ASUS\sikerma-polibatam\backend\tests\Unit\UserTest.php" tests="7" assertions="12" errors="0" failures="0" skipped="0" time="0.304338">
        <testcase name="test_user_dapat_dibuat_dengan_data_lengkap" file="C:\Users\ASUS\sikerma-polibatam\backend\tests\Unit\UserTest.php" line="14" class="Tests\Unit\UserTest" classname="Tests.Unit.UserTest" assertions="2" time="0.036511"/>
        <testcase name="test_password_tidak_muncul_di_array_output" file="C:\Users\ASUS\sikerma-polibatam\backend\tests\Unit\UserTest.php" line="31" class="Tests\Unit\UserTest" classname="Tests.Unit.UserTest" assertions="2" time="0.024319"/>
        <testcase name="test_password_disimpan_dalam_bentuk_hash" file="C:\Users\ASUS\sikerma-polibatam\backend\tests\Unit\UserTest.php" line="39" class="Tests\Unit\UserTest" classname="Tests.Unit.UserTest" assertions="2" time="0.028996"/>
        <testcase name="test_user_dapat_membuat_token_api" file="C:\Users\ASUS\sikerma-polibatam\backend\tests\Unit\UserTest.php" line="47" class="Tests\Unit\UserTest" classname="Tests.Unit.UserTest" assertions="2" time="0.031200"/>
        <testcase name="test_factory_state_external_menghasilkan_role_external" file="C:\Users\ASUS\sikerma-polibatam\backend\tests\Unit\UserTest.php" line="60" class="Tests\Unit\UserTest" classname="Tests.Unit.UserTest" assertions="1" time="0.022433"/>
        <testcase name="test_factory_state_admin_menghasilkan_role_admin" file="C:\Users\ASUS\sikerma-polibatam\backend\tests\Unit\UserTest.php" line="67" class="Tests\Unit\UserTest" classname="Tests.Unit.UserTest" assertions="1" time="0.026891"/>
        <testcase name="test_email_disimpan_dalam_huruf_kecil_saat_registrasi" file="C:\Users\ASUS\sikerma-polibatam\backend\tests\Unit\UserTest.php" line="74" class="Tests\Unit\UserTest" classname="Tests.Unit.UserTest" assertions="2" time="0.133987"/>
      </testsuite>
    </testsuite>
    <testsuite name="Feature" tests="195" assertions="587" errors="0" failures="0" skipped="0" time="5.817328">
      <testsuite name="Tests\Feature\AdminUserTest" file="C:\Users\ASUS\sikerma-polibatam\backend\tests\Feature\AdminUserTest.php" tests="17" assertions="41" errors="0" failures="0" skipped="0" time="0.520244">
        <testcase name="test_admin_dapat_melihat_daftar_user" file="C:\Users\ASUS\sikerma-polibatam\backend\tests\Feature\AdminUserTest.php" line="43" class="Tests\Feature\AdminUserTest" classname="Tests.Feature.AdminUserTest" assertions="4" time="0.054259"/>
        <testcase name="test_bukan_admin_ditolak_melihat_daftar_user" file="C:\Users\ASUS\sikerma-polibatam\backend\tests\Feature\AdminUserTest.php" line="54" class="Tests\Feature\AdminUserTest" classname="Tests.Feature.AdminUserTest" assertions="1" time="0.026951"/>
        <testcase name="test_tanpa_token_ditolak_melihat_daftar_user" file="C:\Users\ASUS\sikerma-polibatam\backend\tests\Feature\AdminUserTest.php" line="62" class="Tests\Feature\AdminUserTest" classname="Tests.Feature.AdminUserTest" assertions="1" time="0.022891"/>
        <testcase name="test_admin_dapat_membuat_user_baru" file="C:\Users\ASUS\sikerma-polibatam\backend\tests\Feature\AdminUserTest.php" line="71" class="Tests\Feature\AdminUserTest" classname="Tests.Feature.AdminUserTest" assertions="4" time="0.040736"/>
        <testcase name="test_buat_user_gagal_duplikat_email" file="C:\Users\ASUS\sikerma-polibatam\backend\tests\Feature\AdminUserTest.php" line="84" class="Tests\Feature\AdminUserTest" classname="Tests.Feature.AdminUserTest" assertions="1" time="0.031607"/>
        <testcase name="test_buat_user_gagal_duplikat_username" file="C:\Users\ASUS\sikerma-polibatam\backend\tests\Feature\AdminUserTest.php" line="93" class="Tests\Feature\AdminUserTest" classname="Tests.Feature.AdminUserTest" assertions="1" time="0.030877"/>
        <testcase name="test_buat_user_gagal_field_wajib_kosong" file="C:\Users\ASUS\sikerma-polibatam\backend\tests\Feature\AdminUserTest.php" line="102" class="Tests\Feature\AdminUserTest" classname="Tests.Feature.AdminUserTest" assertions="9" time="0.028800"/>
        <testcase name="test_buat_user_gagal_role_tidak_valid" file="C:\Users\ASUS\sikerma-polibatam\backend\tests\Feature\AdminUserTest.php" line="111" class="Tests\Feature\AdminUserTest" classname="Tests.Feature.AdminUserTest" assertions="3" time="0.026922"/>
        <testcase name="test_bukan_admin_tidak_bisa_membuat_user" file="C:\Users\ASUS\sikerma-polibatam\backend\tests\Feature\AdminUserTest.php" line="120" class="Tests\Feature\AdminUserTest" classname="Tests.Feature.AdminUserTest" assertions="1" time="0.025651"/>
        <testcase name="test_admin_dapat_update_user" file="C:\Users\ASUS\sikerma-polibatam\backend\tests\Feature\AdminUserTest.php" line="132" class="Tests\Feature\AdminUserTest" classname="Tests.Feature.AdminUserTest" assertions="3" time="0.032863"/>
        <testcase name="test_update_user_gagal_bukan_admin" file="C:\Users\ASUS\sikerma-polibatam\backend\tests\Feature\AdminUserTest.php" line="149" class="Tests\Feature\AdminUserTest" classname="Tests.Feature.AdminUserTest" assertions="1" time="0.026974"/>
        <testcase name="test_admin_tidak_bisa_ubah_role_admin_terakhir" file="C:\Users\ASUS\sikerma-polibatam\backend\tests\Feature\AdminUserTest.php" line="158" class="Tests\Feature\AdminUserTest" classname="Tests.Feature.AdminUserTest" assertions="1" time="0.028556"/>
        <testcase name="test_admin_dapat_update_approval_status" file="C:\Users\ASUS\sikerma-polibatam\backend\tests\Feature\AdminUserTest.php" line="176" class="Tests\Feature\AdminUserTest" classname="Tests.Feature.AdminUserTest" assertions="3" time="0.027463"/>
        <testcase name="test_approval_status_tidak_valid_gagal" file="C:\Users\ASUS\sikerma-polibatam\backend\tests\Feature\AdminUserTest.php" line="190" class="Tests\Feature\AdminUserTest" classname="Tests.Feature.AdminUserTest" assertions="3" time="0.027557"/>
        <testcase name="test_admin_dapat_hapus_user" file="C:\Users\ASUS\sikerma-polibatam\backend\tests\Feature\AdminUserTest.php" line="205" class="Tests\Feature\AdminUserTest" classname="Tests.Feature.AdminUserTest" assertions="3" time="0.032364"/>
        <testcase name="test_admin_tidak_bisa_hapus_diri_sendiri_jika_admin_terakhir" file="C:\Users\ASUS\sikerma-polibatam\backend\tests\Feature\AdminUserTest.php" line="216" class="Tests\Feature\AdminUserTest" classname="Tests.Feature.AdminUserTest" assertions="1" time="0.026949"/>
        <testcase name="test_bukan_admin_tidak_bisa_hapus_user" file="C:\Users\ASUS\sikerma-polibatam\backend\tests\Feature\AdminUserTest.php" line="224" class="Tests\Feature\AdminUserTest" classname="Tests.Feature.AdminUserTest" assertions="1" time="0.028824"/>
      </testsuite>
      <testsuite name="Tests\Feature\AuthTest" file="C:\Users\ASUS\sikerma-polibatam\backend\tests\Feature\AuthTest.php" tests="17" assertions="65" errors="0" failures="0" skipped="0" time="0.454826">
        <testcase name="test_registrasi_pengguna_baru_berhasil" file="C:\Users\ASUS\sikerma-polibatam\backend\tests\Feature\AuthTest.php" line="49" class="Tests\Feature\AuthTest" classname="Tests.Feature.AuthTest" assertions="11" time="0.051750"/>
        <testcase name="test_registrasi_gagal_jika_email_sudah_terdaftar" file="C:\Users\ASUS\sikerma-polibatam\backend\tests\Feature\AuthTest.php" line="66" class="Tests\Feature\AuthTest" classname="Tests.Feature.AuthTest" assertions="1" time="0.027909"/>
        <testcase name="test_registrasi_gagal_jika_username_sudah_dipakai" file="C:\Users\ASUS\sikerma-polibatam\backend\tests\Feature\AuthTest.php" line="75" class="Tests\Feature\AuthTest" classname="Tests.Feature.AuthTest" assertions="1" time="0.026675"/>
        <testcase name="test_registrasi_gagal_jika_field_wajib_kosong" file="C:\Users\ASUS\sikerma-polibatam\backend\tests\Feature\AuthTest.php" line="84" class="Tests\Feature\AuthTest" classname="Tests.Feature.AuthTest" assertions="10" time="0.023540"/>
        <testcase name="test_registrasi_gagal_jika_password_tidak_cukup_kuat" file="C:\Users\ASUS\sikerma-polibatam\backend\tests\Feature\AuthTest.php" line="92" class="Tests\Feature\AuthTest" classname="Tests.Feature.AuthTest" assertions="3" time="0.025987"/>
        <testcase name="test_registrasi_gagal_jika_konfirmasi_password_tidak_cocok" file="C:\Users\ASUS\sikerma-polibatam\backend\tests\Feature\AuthTest.php" line="103" class="Tests\Feature\AuthTest" classname="Tests.Feature.AuthTest" assertions="3" time="0.025112"/>
        <testcase name="test_registrasi_gagal_jika_email_tidak_valid" file="C:\Users\ASUS\sikerma-polibatam\backend\tests\Feature\AuthTest.php" line="114" class="Tests\Feature\AuthTest" classname="Tests.Feature.AuthTest" assertions="3" time="0.028157"/>
        <testcase name="test_login_berhasil_dengan_email_dan_password_benar" file="C:\Users\ASUS\sikerma-polibatam\backend\tests\Feature\AuthTest.php" line="128" class="Tests\Feature\AuthTest" classname="Tests.Feature.AuthTest" assertions="5" time="0.027435"/>
        <testcase name="test_login_berhasil_menggunakan_username" file="C:\Users\ASUS\sikerma-polibatam\backend\tests\Feature\AuthTest.php" line="143" class="Tests\Feature\AuthTest" classname="Tests.Feature.AuthTest" assertions="2" time="0.026227"/>
        <testcase name="test_login_gagal_jika_password_salah" file="C:\Users\ASUS\sikerma-polibatam\backend\tests\Feature\AuthTest.php" line="157" class="Tests\Feature\AuthTest" classname="Tests.Feature.AuthTest" assertions="3" time="0.026266"/>
        <testcase name="test_login_gagal_jika_email_tidak_terdaftar" file="C:\Users\ASUS\sikerma-polibatam\backend\tests\Feature\AuthTest.php" line="171" class="Tests\Feature\AuthTest" classname="Tests.Feature.AuthTest" assertions="3" time="0.022386"/>
        <testcase name="test_login_gagal_jika_role_tidak_sesuai" file="C:\Users\ASUS\sikerma-polibatam\backend\tests\Feature\AuthTest.php" line="183" class="Tests\Feature\AuthTest" classname="Tests.Feature.AuthTest" assertions="3" time="0.025029"/>
        <testcase name="test_login_gagal_jika_role_tidak_valid" file="C:\Users\ASUS\sikerma-polibatam\backend\tests\Feature\AuthTest.php" line="197" class="Tests\Feature\AuthTest" classname="Tests.Feature.AuthTest" assertions="3" time="0.022571"/>
        <testcase name="test_me_mengembalikan_data_pengguna_yang_sedang_login" file="C:\Users\ASUS\sikerma-polibatam\backend\tests\Feature\AuthTest.php" line="213" class="Tests\Feature\AuthTest" classname="Tests.Feature.AuthTest" assertions="9" time="0.023728"/>
        <testcase name="test_me_mengembalikan_401_jika_tidak_ada_token" file="C:\Users\ASUS\sikerma-polibatam\backend\tests\Feature\AuthTest.php" line="225" class="Tests\Feature\AuthTest" classname="Tests.Feature.AuthTest" assertions="1" time="0.020968"/>
        <testcase name="test_logout_berhasil_dan_token_dihapus" file="C:\Users\ASUS\sikerma-polibatam\backend\tests\Feature\AuthTest.php" line="236" class="Tests\Feature\AuthTest" classname="Tests.Feature.AuthTest" assertions="3" time="0.029511"/>
        <testcase name="test_logout_gagal_tanpa_token" file="C:\Users\ASUS\sikerma-polibatam\backend\tests\Feature\AuthTest.php" line="248" class="Tests\Feature\AuthTest" classname="Tests.Feature.AuthTest" assertions="1" time="0.021576"/>
      </testsuite>
      <testsuite name="Tests\Feature\CatatanAdminTest" file="C:\Users\ASUS\sikerma-polibatam\backend\tests\Feature\CatatanAdminTest.php" tests="15" assertions="41" errors="0" failures="0" skipped="0" time="0.463102">
        <testcase name="test_daftar_catatan_berhasil_dengan_pengajuan_id" file="C:\Users\ASUS\sikerma-polibatam\backend\tests\Feature\CatatanAdminTest.php" line="44" class="Tests\Feature\CatatanAdminTest" classname="Tests.Feature.CatatanAdminTest" assertions="3" time="0.062401"/>
        <testcase name="test_daftar_catatan_gagal_tanpa_pengajuan_id" file="C:\Users\ASUS\sikerma-polibatam\backend\tests\Feature\CatatanAdminTest.php" line="58" class="Tests\Feature\CatatanAdminTest" classname="Tests.Feature.CatatanAdminTest" assertions="3" time="0.036179"/>
        <testcase name="test_daftar_catatan_gagal_pengajuan_tidak_ada" file="C:\Users\ASUS\sikerma-polibatam\backend\tests\Feature\CatatanAdminTest.php" line="67" class="Tests\Feature\CatatanAdminTest" classname="Tests.Feature.CatatanAdminTest" assertions="3" time="0.038704"/>
        <testcase name="test_daftar_catatan_hanya_untuk_pengajuan_dimaksud" file="C:\Users\ASUS\sikerma-polibatam\backend\tests\Feature\CatatanAdminTest.php" line="76" class="Tests\Feature\CatatanAdminTest" classname="Tests.Feature.CatatanAdminTest" assertions="3" time="0.029500"/>
        <testcase name="test_daftar_catatan_tanpa_auth_ditolak" file="C:\Users\ASUS\sikerma-polibatam\backend\tests\Feature\CatatanAdminTest.php" line="91" class="Tests\Feature\CatatanAdminTest" classname="Tests.Feature.CatatanAdminTest" assertions="1" time="0.022806"/>
        <testcase name="test_buat_catatan_berhasil" file="C:\Users\ASUS\sikerma-polibatam\backend\tests\Feature\CatatanAdminTest.php" line="100" class="Tests\Feature\CatatanAdminTest" classname="Tests.Feature.CatatanAdminTest" assertions="5" time="0.031968"/>
        <testcase name="test_buat_catatan_menyimpan_user_pembuat" file="C:\Users\ASUS\sikerma-polibatam\backend\tests\Feature\CatatanAdminTest.php" line="121" class="Tests\Feature\CatatanAdminTest" classname="Tests.Feature.CatatanAdminTest" assertions="3" time="0.029651"/>
        <testcase name="test_buat_catatan_gagal_teks_kosong" file="C:\Users\ASUS\sikerma-polibatam\backend\tests\Feature\CatatanAdminTest.php" line="136" class="Tests\Feature\CatatanAdminTest" classname="Tests.Feature.CatatanAdminTest" assertions="3" time="0.029376"/>
        <testcase name="test_buat_catatan_gagal_teks_terlalu_panjang" file="C:\Users\ASUS\sikerma-polibatam\backend\tests\Feature\CatatanAdminTest.php" line="147" class="Tests\Feature\CatatanAdminTest" classname="Tests.Feature.CatatanAdminTest" assertions="3" time="0.028403"/>
        <testcase name="test_buat_catatan_gagal_pengajuan_tidak_ada" file="C:\Users\ASUS\sikerma-polibatam\backend\tests\Feature\CatatanAdminTest.php" line="158" class="Tests\Feature\CatatanAdminTest" classname="Tests.Feature.CatatanAdminTest" assertions="3" time="0.026734"/>
        <testcase name="test_buat_catatan_tanpa_auth_ditolak" file="C:\Users\ASUS\sikerma-polibatam\backend\tests\Feature\CatatanAdminTest.php" line="168" class="Tests\Feature\CatatanAdminTest" classname="Tests.Feature.CatatanAdminTest" assertions="1" time="0.021257"/>
        <testcase name="test_update_catatan_berhasil" file="C:\Users\ASUS\sikerma-polibatam\backend\tests\Feature\CatatanAdminTest.php" line="178" class="Tests\Feature\CatatanAdminTest" classname="Tests.Feature.CatatanAdminTest" assertions="3" time="0.028629"/>
        <testcase name="test_update_catatan_gagal_teks_kosong" file="C:\Users\ASUS\sikerma-polibatam\backend\tests\Feature\CatatanAdminTest.php" line="194" class="Tests\Feature\CatatanAdminTest" classname="Tests.Feature.CatatanAdminTest" assertions="3" time="0.025113"/>
        <testcase name="test_hapus_catatan_berhasil" file="C:\Users\ASUS\sikerma-polibatam\backend\tests\Feature\CatatanAdminTest.php" line="208" class="Tests\Feature\CatatanAdminTest" classname="Tests.Feature.CatatanAdminTest" assertions="3" time="0.024452"/>
        <testcase name="test_hapus_catatan_tidak_ditemukan" file="C:\Users\ASUS\sikerma-polibatam\backend\tests\Feature\CatatanAdminTest.php" line="220" class="Tests\Feature\CatatanAdminTest" classname="Tests.Feature.CatatanAdminTest" assertions="1" time="0.027929"/>
      </testsuite>
      <testsuite name="Tests\Feature\DokumenKerjasamaTest" file="C:\Users\ASUS\sikerma-polibatam\backend\tests\Feature\DokumenKerjasamaTest.php" tests="20" assertions="62" errors="0" failures="0" skipped="0" time="0.576583">
        <testcase name="test_public_stats_berhasil_tanpa_auth" file="C:\Users\ASUS\sikerma-polibatam\backend\tests\Feature\DokumenKerjasamaTest.php" line="67" class="Tests\Feature\DokumenKerjasamaTest" classname="Tests.Feature.DokumenKerjasamaTest" assertions="10" time="0.047439"/>
        <testcase name="test_public_stats_mengembalikan_angka_benar" file="C:\Users\ASUS\sikerma-polibatam\backend\tests\Feature\DokumenKerjasamaTest.php" line="80" class="Tests\Feature\DokumenKerjasamaTest" classname="Tests.Feature.DokumenKerjasamaTest" assertions="2" time="0.024944"/>
        <testcase name="test_public_index_berhasil_tanpa_auth" file="C:\Users\ASUS\sikerma-polibatam\backend\tests\Feature\DokumenKerjasamaTest.php" line="88" class="Tests\Feature\DokumenKerjasamaTest" classname="Tests.Feature.DokumenKerjasamaTest" assertions="8" time="0.027310"/>
        <testcase name="test_daftar_dokumen_berhasil" file="C:\Users\ASUS\sikerma-polibatam\backend\tests\Feature\DokumenKerjasamaTest.php" line="101" class="Tests\Feature\DokumenKerjasamaTest" classname="Tests.Feature.DokumenKerjasamaTest" assertions="4" time="0.036606"/>
        <testcase name="test_filter_dokumen_by_jenis" file="C:\Users\ASUS\sikerma-polibatam\backend\tests\Feature\DokumenKerjasamaTest.php" line="113" class="Tests\Feature\DokumenKerjasamaTest" classname="Tests.Feature.DokumenKerjasamaTest" assertions="2" time="0.030169"/>
        <testcase name="test_filter_dokumen_by_status_siklus" file="C:\Users\ASUS\sikerma-polibatam\backend\tests\Feature\DokumenKerjasamaTest.php" line="142" class="Tests\Feature\DokumenKerjasamaTest" classname="Tests.Feature.DokumenKerjasamaTest" assertions="2" time="0.027829"/>
        <testcase name="test_cari_dokumen_berhasil" file="C:\Users\ASUS\sikerma-polibatam\backend\tests\Feature\DokumenKerjasamaTest.php" line="156" class="Tests\Feature\DokumenKerjasamaTest" classname="Tests.Feature.DokumenKerjasamaTest" assertions="3" time="0.028209"/>
        <testcase name="test_daftar_dokumen_tanpa_auth_ditolak" file="C:\Users\ASUS\sikerma-polibatam\backend\tests\Feature\DokumenKerjasamaTest.php" line="170" class="Tests\Feature\DokumenKerjasamaTest" classname="Tests.Feature.DokumenKerjasamaTest" assertions="1" time="0.023683"/>
        <testcase name="test_tampil_dokumen_berhasil" file="C:\Users\ASUS\sikerma-polibatam\backend\tests\Feature\DokumenKerjasamaTest.php" line="179" class="Tests\Feature\DokumenKerjasamaTest" classname="Tests.Feature.DokumenKerjasamaTest" assertions="2" time="0.029599"/>
        <testcase name="test_tampil_dokumen_tidak_ditemukan" file="C:\Users\ASUS\sikerma-polibatam\backend\tests\Feature\DokumenKerjasamaTest.php" line="189" class="Tests\Feature\DokumenKerjasamaTest" classname="Tests.Feature.DokumenKerjasamaTest" assertions="1" time="0.024788"/>
        <testcase name="test_admin_dapat_buat_dokumen" file="C:\Users\ASUS\sikerma-polibatam\backend\tests\Feature\DokumenKerjasamaTest.php" line="200" class="Tests\Feature\DokumenKerjasamaTest" classname="Tests.Feature.DokumenKerjasamaTest" assertions="4" time="0.026547"/>
        <testcase name="test_buat_dokumen_gagal_nomor_duplikat" file="C:\Users\ASUS\sikerma-polibatam\backend\tests\Feature\DokumenKerjasamaTest.php" line="214" class="Tests\Feature\DokumenKerjasamaTest" classname="Tests.Feature.DokumenKerjasamaTest" assertions="3" time="0.027618"/>
        <testcase name="test_buat_dokumen_gagal_no_permohonan_tidak_ada" file="C:\Users\ASUS\sikerma-polibatam\backend\tests\Feature\DokumenKerjasamaTest.php" line="234" class="Tests\Feature\DokumenKerjasamaTest" classname="Tests.Feature.DokumenKerjasamaTest" assertions="3" time="0.024821"/>
        <testcase name="test_buat_dokumen_gagal_field_wajib_kosong" file="C:\Users\ASUS\sikerma-polibatam\backend\tests\Feature\DokumenKerjasamaTest.php" line="243" class="Tests\Feature\DokumenKerjasamaTest" classname="Tests.Feature.DokumenKerjasamaTest" assertions="7" time="0.026057"/>
        <testcase name="test_buat_dokumen_ditolak_bukan_admin" file="C:\Users\ASUS\sikerma-polibatam\backend\tests\Feature\DokumenKerjasamaTest.php" line="252" class="Tests\Feature\DokumenKerjasamaTest" classname="Tests.Feature.DokumenKerjasamaTest" assertions="1" time="0.035148"/>
        <testcase name="test_admin_dapat_update_dokumen" file="C:\Users\ASUS\sikerma-polibatam\backend\tests\Feature\DokumenKerjasamaTest.php" line="265" class="Tests\Feature\DokumenKerjasamaTest" classname="Tests.Feature.DokumenKerjasamaTest" assertions="2" time="0.029866"/>
        <testcase name="test_admin_dapat_update_status_siklus" file="C:\Users\ASUS\sikerma-polibatam\backend\tests\Feature\DokumenKerjasamaTest.php" line="277" class="Tests\Feature\DokumenKerjasamaTest" classname="Tests.Feature.DokumenKerjasamaTest" assertions="2" time="0.029525"/>
        <testcase name="test_update_dokumen_ditolak_bukan_admin" file="C:\Users\ASUS\sikerma-polibatam\backend\tests\Feature\DokumenKerjasamaTest.php" line="290" class="Tests\Feature\DokumenKerjasamaTest" classname="Tests.Feature.DokumenKerjasamaTest" assertions="1" time="0.024691"/>
        <testcase name="test_admin_dapat_hapus_dokumen" file="C:\Users\ASUS\sikerma-polibatam\backend\tests\Feature\DokumenKerjasamaTest.php" line="304" class="Tests\Feature\DokumenKerjasamaTest" classname="Tests.Feature.DokumenKerjasamaTest" assertions="3" time="0.026442"/>
        <testcase name="test_hapus_dokumen_ditolak_bukan_admin" file="C:\Users\ASUS\sikerma-polibatam\backend\tests\Feature\DokumenKerjasamaTest.php" line="315" class="Tests\Feature\DokumenKerjasamaTest" classname="Tests.Feature.DokumenKerjasamaTest" assertions="1" time="0.025293"/>
      </testsuite>
      <testsuite name="Tests\Feature\ExampleTest" file="C:\Users\ASUS\sikerma-polibatam\backend\tests\Feature\ExampleTest.php" tests="1" assertions="1" errors="0" failures="0" skipped="0" time="0.079934">
        <testcase name="test_the_application_returns_a_successful_response" file="C:\Users\ASUS\sikerma-polibatam\backend\tests\Feature\ExampleTest.php" line="13" class="Tests\Feature\ExampleTest" classname="Tests.Feature.ExampleTest" assertions="1" time="0.079934"/>
      </testsuite>
      <testsuite name="Tests\Feature\Integration\PengajuanWorkflowTest" file="C:\Users\ASUS\sikerma-polibatam\backend\tests\Feature\Integration\PengajuanWorkflowTest.php" tests="7" assertions="71" errors="0" failures="0" skipped="0" time="0.321115">
        <testcase name="test_alur_registrasi_dan_login_mitra_berhasil" file="C:\Users\ASUS\sikerma-polibatam\backend\tests\Feature\Integration\PengajuanWorkflowTest.php" line="42" class="Tests\Feature\Integration\PengajuanWorkflowTest" classname="Tests.Feature.Integration.PengajuanWorkflowTest" assertions="14" time="0.045455"/>
        <testcase name="test_admin_dapat_setup_master_data_lengkap" file="C:\Users\ASUS\sikerma-polibatam\backend\tests\Feature\Integration\PengajuanWorkflowTest.php" line="98" class="Tests\Feature\Integration\PengajuanWorkflowTest" classname="Tests.Feature.Integration.PengajuanWorkflowTest" assertions="10" time="0.046445"/>
        <testcase name="test_alur_pengajuan_dari_buat_hingga_diproses_admin" file="C:\Users\ASUS\sikerma-polibatam\backend\tests\Feature\Integration\PengajuanWorkflowTest.php" line="156" class="Tests\Feature\Integration\PengajuanWorkflowTest" classname="Tests.Feature.Integration.PengajuanWorkflowTest" assertions="16" time="0.066778"/>
        <testcase name="test_alur_pengajuan_dengan_aktivitas" file="C:\Users\ASUS\sikerma-polibatam\backend\tests\Feature\Integration\PengajuanWorkflowTest.php" line="261" class="Tests\Feature\Integration\PengajuanWorkflowTest" classname="Tests.Feature.Integration.PengajuanWorkflowTest" assertions="9" time="0.040109"/>
        <testcase name="test_admin_dapat_kelola_user_penuh" file="C:\Users\ASUS\sikerma-polibatam\backend\tests\Feature\Integration\PengajuanWorkflowTest.php" line="319" class="Tests\Feature\Integration\PengajuanWorkflowTest" classname="Tests.Feature.Integration.PengajuanWorkflowTest" assertions="7" time="0.033086"/>
        <testcase name="test_alur_reset_password_via_otp" file="C:\Users\ASUS\sikerma-polibatam\backend\tests\Feature\Integration\PengajuanWorkflowTest.php" line="362" class="Tests\Feature\Integration\PengajuanWorkflowTest" classname="Tests.Feature.Integration.PengajuanWorkflowTest" assertions="8" time="0.054433"/>
        <testcase name="test_admin_dapat_kelola_dokumen_kerjasama_penuh" file="C:\Users\ASUS\sikerma-polibatam\backend\tests\Feature\Integration\PengajuanWorkflowTest.php" line="413" class="Tests\Feature\Integration\PengajuanWorkflowTest" classname="Tests.Feature.Integration.PengajuanWorkflowTest" assertions="7" time="0.034810"/>
      </testsuite>
      <testsuite name="Tests\Feature\MasterMitraTest" file="C:\Users\ASUS\sikerma-polibatam\backend\tests\Feature\MasterMitraTest.php" tests="15" assertions="37" errors="0" failures="0" skipped="0" time="0.407149">
        <testcase name="test_daftar_mitra_berhasil" file="C:\Users\ASUS\sikerma-polibatam\backend\tests\Feature\MasterMitraTest.php" line="48" class="Tests\Feature\MasterMitraTest" classname="Tests.Feature.MasterMitraTest" assertions="3" time="0.029565"/>
        <testcase name="test_filter_mitra_by_kategori" file="C:\Users\ASUS\sikerma-polibatam\backend\tests\Feature\MasterMitraTest.php" line="59" class="Tests\Feature\MasterMitraTest" classname="Tests.Feature.MasterMitraTest" assertions="3" time="0.024196"/>
        <testcase name="test_filter_mitra_by_negara" file="C:\Users\ASUS\sikerma-polibatam\backend\tests\Feature\MasterMitraTest.php" line="71" class="Tests\Feature\MasterMitraTest" classname="Tests.Feature.MasterMitraTest" assertions="3" time="0.025268"/>
        <testcase name="test_cari_mitra_berhasil" file="C:\Users\ASUS\sikerma-polibatam\backend\tests\Feature\MasterMitraTest.php" line="83" class="Tests\Feature\MasterMitraTest" classname="Tests.Feature.MasterMitraTest" assertions="2" time="0.024431"/>
        <testcase name="test_filter_mitra_aktif" file="C:\Users\ASUS\sikerma-polibatam\backend\tests\Feature\MasterMitraTest.php" line="94" class="Tests\Feature\MasterMitraTest" classname="Tests.Feature.MasterMitraTest" assertions="3" time="0.023935"/>
        <testcase name="test_admin_dapat_buat_mitra" file="C:\Users\ASUS\sikerma-polibatam\backend\tests\Feature\MasterMitraTest.php" line="110" class="Tests\Feature\MasterMitraTest" classname="Tests.Feature.MasterMitraTest" assertions="4" time="0.024598"/>
        <testcase name="test_buat_mitra_dengan_data_lengkap" file="C:\Users\ASUS\sikerma-polibatam\backend\tests\Feature\MasterMitraTest.php" line="123" class="Tests\Feature\MasterMitraTest" classname="Tests.Feature.MasterMitraTest" assertions="2" time="0.026665"/>
        <testcase name="test_buat_mitra_gagal_tanpa_nama" file="C:\Users\ASUS\sikerma-polibatam\backend\tests\Feature\MasterMitraTest.php" line="143" class="Tests\Feature\MasterMitraTest" classname="Tests.Feature.MasterMitraTest" assertions="3" time="0.025288"/>
        <testcase name="test_buat_mitra_gagal_email_tidak_valid" file="C:\Users\ASUS\sikerma-polibatam\backend\tests\Feature\MasterMitraTest.php" line="152" class="Tests\Feature\MasterMitraTest" classname="Tests.Feature.MasterMitraTest" assertions="3" time="0.024570"/>
        <testcase name="test_buat_mitra_ditolak_bukan_admin" file="C:\Users\ASUS\sikerma-polibatam\backend\tests\Feature\MasterMitraTest.php" line="161" class="Tests\Feature\MasterMitraTest" classname="Tests.Feature.MasterMitraTest" assertions="1" time="0.023055"/>
        <testcase name="test_tampil_mitra_berhasil" file="C:\Users\ASUS\sikerma-polibatam\backend\tests\Feature\MasterMitraTest.php" line="173" class="Tests\Feature\MasterMitraTest" classname="Tests.Feature.MasterMitraTest" assertions="2" time="0.025298"/>
        <testcase name="test_admin_dapat_update_mitra" file="C:\Users\ASUS\sikerma-polibatam\backend\tests\Feature\MasterMitraTest.php" line="186" class="Tests\Feature\MasterMitraTest" classname="Tests.Feature.MasterMitraTest" assertions="3" time="0.027094"/>
        <testcase name="test_update_mitra_ditolak_bukan_admin" file="C:\Users\ASUS\sikerma-polibatam\backend\tests\Feature\MasterMitraTest.php" line="199" class="Tests\Feature\MasterMitraTest" classname="Tests.Feature.MasterMitraTest" assertions="1" time="0.036475"/>
        <testcase name="test_admin_dapat_hapus_mitra" file="C:\Users\ASUS\sikerma-polibatam\backend\tests\Feature\MasterMitraTest.php" line="212" class="Tests\Feature\MasterMitraTest" classname="Tests.Feature.MasterMitraTest" assertions="3" time="0.031272"/>
        <testcase name="test_hapus_mitra_ditolak_bukan_admin" file="C:\Users\ASUS\sikerma-polibatam\backend\tests\Feature\MasterMitraTest.php" line="223" class="Tests\Feature\MasterMitraTest" classname="Tests.Feature.MasterMitraTest" assertions="1" time="0.035439"/>
      </testsuite>
      <testsuite name="Tests\Feature\MasterNegaraTest" file="C:\Users\ASUS\sikerma-polibatam\backend\tests\Feature\MasterNegaraTest.php" tests="14" assertions="30" errors="0" failures="0" skipped="0" time="0.417234">
        <testcase name="test_daftar_negara_berhasil" file="C:\Users\ASUS\sikerma-polibatam\backend\tests\Feature\MasterNegaraTest.php" line="33" class="Tests\Feature\MasterNegaraTest" classname="Tests.Feature.MasterNegaraTest" assertions="3" time="0.049399"/>
        <testcase name="test_filter_negara_aktif" file="C:\Users\ASUS\sikerma-polibatam\backend\tests\Feature\MasterNegaraTest.php" line="46" class="Tests\Feature\MasterNegaraTest" classname="Tests.Feature.MasterNegaraTest" assertions="3" time="0.030579"/>
        <testcase name="test_cari_negara_berhasil" file="C:\Users\ASUS\sikerma-polibatam\backend\tests\Feature\MasterNegaraTest.php" line="58" class="Tests\Feature\MasterNegaraTest" classname="Tests.Feature.MasterNegaraTest" assertions="3" time="0.031289"/>
        <testcase name="test_admin_dapat_buat_negara" file="C:\Users\ASUS\sikerma-polibatam\backend\tests\Feature\MasterNegaraTest.php" line="75" class="Tests\Feature\MasterNegaraTest" classname="Tests.Feature.MasterNegaraTest" assertions="4" time="0.034981"/>
        <testcase name="test_buat_negara_gagal_duplikat" file="C:\Users\ASUS\sikerma-polibatam\backend\tests\Feature\MasterNegaraTest.php" line="91" class="Tests\Feature\MasterNegaraTest" classname="Tests.Feature.MasterNegaraTest" assertions="1" time="0.033690"/>
        <testcase name="test_buat_negara_gagal_nama_kosong" file="C:\Users\ASUS\sikerma-polibatam\backend\tests\Feature\MasterNegaraTest.php" line="100" class="Tests\Feature\MasterNegaraTest" classname="Tests.Feature.MasterNegaraTest" assertions="3" time="0.026679"/>
        <testcase name="test_buat_negara_ditolak_bukan_admin" file="C:\Users\ASUS\sikerma-polibatam\backend\tests\Feature\MasterNegaraTest.php" line="109" class="Tests\Feature\MasterNegaraTest" classname="Tests.Feature.MasterNegaraTest" assertions="1" time="0.023218"/>
        <testcase name="test_tampil_negara_berhasil" file="C:\Users\ASUS\sikerma-polibatam\backend\tests\Feature\MasterNegaraTest.php" line="121" class="Tests\Feature\MasterNegaraTest" classname="Tests.Feature.MasterNegaraTest" assertions="2" time="0.023723"/>
        <testcase name="test_tampil_negara_tidak_ditemukan" file="C:\Users\ASUS\sikerma-polibatam\backend\tests\Feature\MasterNegaraTest.php" line="131" class="Tests\Feature\MasterNegaraTest" classname="Tests.Feature.MasterNegaraTest" assertions="1" time="0.031157"/>
        <testcase name="test_admin_dapat_update_negara" file="C:\Users\ASUS\sikerma-polibatam\backend\tests\Feature\MasterNegaraTest.php" line="143" class="Tests\Feature\MasterNegaraTest" classname="Tests.Feature.MasterNegaraTest" assertions="3" time="0.025953"/>
        <testcase name="test_update_negara_ditolak_bukan_admin" file="C:\Users\ASUS\sikerma-polibatam\backend\tests\Feature\MasterNegaraTest.php" line="156" class="Tests\Feature\MasterNegaraTest" classname="Tests.Feature.MasterNegaraTest" assertions="1" time="0.025073"/>
        <testcase name="test_admin_dapat_hapus_negara" file="C:\Users\ASUS\sikerma-polibatam\backend\tests\Feature\MasterNegaraTest.php" line="169" class="Tests\Feature\MasterNegaraTest" classname="Tests.Feature.MasterNegaraTest" assertions="3" time="0.035225"/>
        <testcase name="test_hapus_negara_ditolak_bukan_admin" file="C:\Users\ASUS\sikerma-polibatam\backend\tests\Feature\MasterNegaraTest.php" line="180" class="Tests\Feature\MasterNegaraTest" classname="Tests.Feature.MasterNegaraTest" assertions="1" time="0.025141"/>
        <testcase name="test_tanpa_auth_ditolak" file="C:\Users\ASUS\sikerma-polibatam\backend\tests\Feature\MasterNegaraTest.php" line="189" class="Tests\Feature\MasterNegaraTest" classname="Tests.Feature.MasterNegaraTest" assertions="1" time="0.021127"/>
      </testsuite>
      <testsuite name="Tests\Feature\MasterRuangLingkupTest" file="C:\Users\ASUS\sikerma-polibatam\backend\tests\Feature\MasterRuangLingkupTest.php" tests="13" assertions="29" errors="0" failures="0" skipped="0" time="0.372987">
        <testcase name="test_daftar_ruang_lingkup_berhasil" file="C:\Users\ASUS\sikerma-polibatam\backend\tests\Feature\MasterRuangLingkupTest.php" line="33" class="Tests\Feature\MasterRuangLingkupTest" classname="Tests.Feature.MasterRuangLingkupTest" assertions="3" time="0.036801"/>
        <testcase name="test_filter_ruang_lingkup_aktif" file="C:\Users\ASUS\sikerma-polibatam\backend\tests\Feature\MasterRuangLingkupTest.php" line="44" class="Tests\Feature\MasterRuangLingkupTest" classname="Tests.Feature.MasterRuangLingkupTest" assertions="3" time="0.027981"/>
        <testcase name="test_cari_ruang_lingkup" file="C:\Users\ASUS\sikerma-polibatam\backend\tests\Feature\MasterRuangLingkupTest.php" line="56" class="Tests\Feature\MasterRuangLingkupTest" classname="Tests.Feature.MasterRuangLingkupTest" assertions="3" time="0.029688"/>
        <testcase name="test_admin_dapat_buat_ruang_lingkup" file="C:\Users\ASUS\sikerma-polibatam\backend\tests\Feature\MasterRuangLingkupTest.php" line="73" class="Tests\Feature\MasterRuangLingkupTest" classname="Tests.Feature.MasterRuangLingkupTest" assertions="4" time="0.029939"/>
        <testcase name="test_buat_ruang_lingkup_gagal_duplikat" file="C:\Users\ASUS\sikerma-polibatam\backend\tests\Feature\MasterRuangLingkupTest.php" line="89" class="Tests\Feature\MasterRuangLingkupTest" classname="Tests.Feature.MasterRuangLingkupTest" assertions="1" time="0.030679"/>
        <testcase name="test_buat_ruang_lingkup_gagal_nama_kosong" file="C:\Users\ASUS\sikerma-polibatam\backend\tests\Feature\MasterRuangLingkupTest.php" line="98" class="Tests\Feature\MasterRuangLingkupTest" classname="Tests.Feature.MasterRuangLingkupTest" assertions="3" time="0.029743"/>
        <testcase name="test_buat_ruang_lingkup_ditolak_bukan_admin" file="C:\Users\ASUS\sikerma-polibatam\backend\tests\Feature\MasterRuangLingkupTest.php" line="107" class="Tests\Feature\MasterRuangLingkupTest" classname="Tests.Feature.MasterRuangLingkupTest" assertions="1" time="0.025816"/>
        <testcase name="test_tampil_ruang_lingkup_berhasil" file="C:\Users\ASUS\sikerma-polibatam\backend\tests\Feature\MasterRuangLingkupTest.php" line="119" class="Tests\Feature\MasterRuangLingkupTest" classname="Tests.Feature.MasterRuangLingkupTest" assertions="2" time="0.025156"/>
        <testcase name="test_admin_dapat_update_ruang_lingkup" file="C:\Users\ASUS\sikerma-polibatam\backend\tests\Feature\MasterRuangLingkupTest.php" line="132" class="Tests\Feature\MasterRuangLingkupTest" classname="Tests.Feature.MasterRuangLingkupTest" assertions="3" time="0.025672"/>
        <testcase name="test_update_ke_nama_yang_sama_tidak_error" file="C:\Users\ASUS\sikerma-polibatam\backend\tests\Feature\MasterRuangLingkupTest.php" line="145" class="Tests\Feature\MasterRuangLingkupTest" classname="Tests.Feature.MasterRuangLingkupTest" assertions="1" time="0.025027"/>
        <testcase name="test_update_ruang_lingkup_ditolak_bukan_admin" file="C:\Users\ASUS\sikerma-polibatam\backend\tests\Feature\MasterRuangLingkupTest.php" line="155" class="Tests\Feature\MasterRuangLingkupTest" classname="Tests.Feature.MasterRuangLingkupTest" assertions="1" time="0.025602"/>
        <testcase name="test_admin_dapat_hapus_ruang_lingkup" file="C:\Users\ASUS\sikerma-polibatam\backend\tests\Feature\MasterRuangLingkupTest.php" line="168" class="Tests\Feature\MasterRuangLingkupTest" classname="Tests.Feature.MasterRuangLingkupTest" assertions="3" time="0.035072"/>
        <testcase name="test_hapus_ruang_lingkup_ditolak_bukan_admin" file="C:\Users\ASUS\sikerma-polibatam\backend\tests\Feature\MasterRuangLingkupTest.php" line="179" class="Tests\Feature\MasterRuangLingkupTest" classname="Tests.Feature.MasterRuangLingkupTest" assertions="1" time="0.025811"/>
      </testsuite>
      <testsuite name="Tests\Feature\MasterUnitProdiTest" file="C:\Users\ASUS\sikerma-polibatam\backend\tests\Feature\MasterUnitProdiTest.php" tests="17" assertions="43" errors="0" failures="0" skipped="0" time="0.494921">
        <testcase name="test_public_units_bisa_diakses_tanpa_auth" file="C:\Users\ASUS\sikerma-polibatam\backend\tests\Feature\MasterUnitProdiTest.php" line="58" class="Tests\Feature\MasterUnitProdiTest" classname="Tests.Feature.MasterUnitProdiTest" assertions="3" time="0.035833"/>
        <testcase name="test_public_units_hanya_yang_aktif" file="C:\Users\ASUS\sikerma-polibatam\backend\tests\Feature\MasterUnitProdiTest.php" line="70" class="Tests\Feature\MasterUnitProdiTest" classname="Tests.Feature.MasterUnitProdiTest" assertions="3" time="0.025711"/>
        <testcase name="test_tree_menampilkan_hierarki" file="C:\Users\ASUS\sikerma-polibatam\backend\tests\Feature\MasterUnitProdiTest.php" line="90" class="Tests\Feature\MasterUnitProdiTest" classname="Tests.Feature.MasterUnitProdiTest" assertions="3" time="0.027997"/>
        <testcase name="test_tree_menyembunyikan_alias_tersembunyi" file="C:\Users\ASUS\sikerma-polibatam\backend\tests\Feature\MasterUnitProdiTest.php" line="102" class="Tests\Feature\MasterUnitProdiTest" classname="Tests.Feature.MasterUnitProdiTest" assertions="2" time="0.028643"/>
        <testcase name="test_daftar_unit_prodi_berhasil" file="C:\Users\ASUS\sikerma-polibatam\backend\tests\Feature\MasterUnitProdiTest.php" line="124" class="Tests\Feature\MasterUnitProdiTest" classname="Tests.Feature.MasterUnitProdiTest" assertions="4" time="0.030589"/>
        <testcase name="test_filter_by_jenis_node" file="C:\Users\ASUS\sikerma-polibatam\backend\tests\Feature\MasterUnitProdiTest.php" line="136" class="Tests\Feature\MasterUnitProdiTest" classname="Tests.Feature.MasterUnitProdiTest" assertions="2" time="0.031233"/>
        <testcase name="test_admin_dapat_buat_unit_jurusan" file="C:\Users\ASUS\sikerma-polibatam\backend\tests\Feature\MasterUnitProdiTest.php" line="154" class="Tests\Feature\MasterUnitProdiTest" classname="Tests.Feature.MasterUnitProdiTest" assertions="4" time="0.030329"/>
        <testcase name="test_admin_dapat_buat_prodi_dengan_parent" file="C:\Users\ASUS\sikerma-polibatam\backend\tests\Feature\MasterUnitProdiTest.php" line="172" class="Tests\Feature\MasterUnitProdiTest" classname="Tests.Feature.MasterUnitProdiTest" assertions="2" time="0.032033"/>
        <testcase name="test_buat_unit_gagal_tanpa_nama" file="C:\Users\ASUS\sikerma-polibatam\backend\tests\Feature\MasterUnitProdiTest.php" line="188" class="Tests\Feature\MasterUnitProdiTest" classname="Tests.Feature.MasterUnitProdiTest" assertions="3" time="0.028275"/>
        <testcase name="test_buat_unit_gagal_jenis_node_tidak_valid" file="C:\Users\ASUS\sikerma-polibatam\backend\tests\Feature\MasterUnitProdiTest.php" line="197" class="Tests\Feature\MasterUnitProdiTest" classname="Tests.Feature.MasterUnitProdiTest" assertions="3" time="0.027219"/>
        <testcase name="test_buat_unit_ditolak_bukan_admin" file="C:\Users\ASUS\sikerma-polibatam\backend\tests\Feature\MasterUnitProdiTest.php" line="207" class="Tests\Feature\MasterUnitProdiTest" classname="Tests.Feature.MasterUnitProdiTest" assertions="1" time="0.026216"/>
        <testcase name="test_tampil_unit_berhasil" file="C:\Users\ASUS\sikerma-polibatam\backend\tests\Feature\MasterUnitProdiTest.php" line="221" class="Tests\Feature\MasterUnitProdiTest" classname="Tests.Feature.MasterUnitProdiTest" assertions="3" time="0.027059"/>
        <testcase name="test_admin_dapat_update_unit" file="C:\Users\ASUS\sikerma-polibatam\backend\tests\Feature\MasterUnitProdiTest.php" line="236" class="Tests\Feature\MasterUnitProdiTest" classname="Tests.Feature.MasterUnitProdiTest" assertions="2" time="0.038624"/>
        <testcase name="test_admin_dapat_hapus_prodi" file="C:\Users\ASUS\sikerma-polibatam\backend\tests\Feature\MasterUnitProdiTest.php" line="252" class="Tests\Feature\MasterUnitProdiTest" classname="Tests.Feature.MasterUnitProdiTest" assertions="3" time="0.025115"/>
        <testcase name="test_hapus_jurusan_juga_hapus_prodi_di_bawahnya" file="C:\Users\ASUS\sikerma-polibatam\backend\tests\Feature\MasterUnitProdiTest.php" line="264" class="Tests\Feature\MasterUnitProdiTest" classname="Tests.Feature.MasterUnitProdiTest" assertions="3" time="0.024485"/>
        <testcase name="test_hapus_unit_kerja_gagal_jika_ada_anak" file="C:\Users\ASUS\sikerma-polibatam\backend\tests\Feature\MasterUnitProdiTest.php" line="277" class="Tests\Feature\MasterUnitProdiTest" classname="Tests.Feature.MasterUnitProdiTest" assertions="1" time="0.029699"/>
        <testcase name="test_hapus_unit_ditolak_bukan_admin" file="C:\Users\ASUS\sikerma-polibatam\backend\tests\Feature\MasterUnitProdiTest.php" line="287" class="Tests\Feature\MasterUnitProdiTest" classname="Tests.Feature.MasterUnitProdiTest" assertions="1" time="0.025859"/>
      </testsuite>
      <testsuite name="Tests\Feature\OtpTest" file="C:\Users\ASUS\sikerma-polibatam\backend\tests\Feature\OtpTest.php" tests="10" assertions="34" errors="0" failures="0" skipped="0" time="0.293465">
        <testcase name="test_kirim_otp_berhasil_dan_tersimpan_di_database" file="C:\Users\ASUS\sikerma-polibatam\backend\tests\Feature\OtpTest.php" line="47" class="Tests\Feature\OtpTest" classname="Tests.Feature.OtpTest" assertions="3" time="0.040191"/>
        <testcase name="test_kirim_otp_gagal_jika_email_sudah_terdaftar" file="C:\Users\ASUS\sikerma-polibatam\backend\tests\Feature\OtpTest.php" line="62" class="Tests\Feature\OtpTest" classname="Tests.Feature.OtpTest" assertions="1" time="0.028676"/>
        <testcase name="test_kirim_otp_gagal_jika_username_sudah_dipakai" file="C:\Users\ASUS\sikerma-polibatam\backend\tests\Feature\OtpTest.php" line="72" class="Tests\Feature\OtpTest" classname="Tests.Feature.OtpTest" assertions="1" time="0.026698"/>
        <testcase name="test_kirim_otp_gagal_jika_field_wajib_kosong" file="C:\Users\ASUS\sikerma-polibatam\backend\tests\Feature\OtpTest.php" line="82" class="Tests\Feature\OtpTest" classname="Tests.Feature.OtpTest" assertions="6" time="0.023533"/>
        <testcase name="test_kirim_otp_kedua_menggantikan_otp_lama" file="C:\Users\ASUS\sikerma-polibatam\backend\tests\Feature\OtpTest.php" line="90" class="Tests\Feature\OtpTest" classname="Tests.Feature.OtpTest" assertions="2" time="0.027405"/>
        <testcase name="test_verifikasi_otp_berhasil_dan_akun_dibuat" file="C:\Users\ASUS\sikerma-polibatam\backend\tests\Feature\OtpTest.php" line="108" class="Tests\Feature\OtpTest" classname="Tests.Feature.OtpTest" assertions="11" time="0.030779"/>
        <testcase name="test_verifikasi_otp_menandai_otp_sebagai_sudah_digunakan" file="C:\Users\ASUS\sikerma-polibatam\backend\tests\Feature\OtpTest.php" line="129" class="Tests\Feature\OtpTest" classname="Tests.Feature.OtpTest" assertions="1" time="0.030853"/>
        <testcase name="test_verifikasi_otp_gagal_jika_kode_salah" file="C:\Users\ASUS\sikerma-polibatam\backend\tests\Feature\OtpTest.php" line="144" class="Tests\Feature\OtpTest" classname="Tests.Feature.OtpTest" assertions="3" time="0.027265"/>
        <testcase name="test_verifikasi_otp_gagal_jika_sudah_kedaluwarsa" file="C:\Users\ASUS\sikerma-polibatam\backend\tests\Feature\OtpTest.php" line="157" class="Tests\Feature\OtpTest" classname="Tests.Feature.OtpTest" assertions="3" time="0.027005"/>
        <testcase name="test_verifikasi_otp_gagal_jika_digunakan_dua_kali" file="C:\Users\ASUS\sikerma-polibatam\backend\tests\Feature\OtpTest.php" line="173" class="Tests\Feature\OtpTest" classname="Tests.Feature.OtpTest" assertions="3" time="0.031060"/>
      </testsuite>
      <testsuite name="Tests\Feature\PengajuanAktivitasTest" file="C:\Users\ASUS\sikerma-polibatam\backend\tests\Feature\PengajuanAktivitasTest.php" tests="13" assertions="34" errors="0" failures="0" skipped="0" time="0.362395">
        <testcase name="test_daftar_aktivitas_berhasil" file="C:\Users\ASUS\sikerma-polibatam\backend\tests\Feature\PengajuanAktivitasTest.php" line="46" class="Tests\Feature\PengajuanAktivitasTest" classname="Tests.Feature.PengajuanAktivitasTest" assertions="3" time="0.045852"/>
        <testcase name="test_filter_aktivitas_by_pengajuan_id" file="C:\Users\ASUS\sikerma-polibatam\backend\tests\Feature\PengajuanAktivitasTest.php" line="60" class="Tests\Feature\PengajuanAktivitasTest" classname="Tests.Feature.PengajuanAktivitasTest" assertions="3" time="0.026294"/>
        <testcase name="test_daftar_aktivitas_tanpa_auth_ditolak" file="C:\Users\ASUS\sikerma-polibatam\backend\tests\Feature\PengajuanAktivitasTest.php" line="75" class="Tests\Feature\PengajuanAktivitasTest" classname="Tests.Feature.PengajuanAktivitasTest" assertions="1" time="0.021553"/>
        <testcase name="test_buat_aktivitas_berhasil" file="C:\Users\ASUS\sikerma-polibatam\backend\tests\Feature\PengajuanAktivitasTest.php" line="84" class="Tests\Feature\PengajuanAktivitasTest" classname="Tests.Feature.PengajuanAktivitasTest" assertions="4" time="0.026958"/>
        <testcase name="test_buat_aktivitas_dengan_semua_field" file="C:\Users\ASUS\sikerma-polibatam\backend\tests\Feature\PengajuanAktivitasTest.php" line="101" class="Tests\Feature\PengajuanAktivitasTest" classname="Tests.Feature.PengajuanAktivitasTest" assertions="3" time="0.027120"/>
        <testcase name="test_buat_aktivitas_gagal_pengajuan_tidak_ditemukan" file="C:\Users\ASUS\sikerma-polibatam\backend\tests\Feature\PengajuanAktivitasTest.php" line="119" class="Tests\Feature\PengajuanAktivitasTest" classname="Tests.Feature.PengajuanAktivitasTest" assertions="3" time="0.032553"/>
        <testcase name="test_buat_aktivitas_gagal_judul_kosong" file="C:\Users\ASUS\sikerma-polibatam\backend\tests\Feature\PengajuanAktivitasTest.php" line="128" class="Tests\Feature\PengajuanAktivitasTest" classname="Tests.Feature.PengajuanAktivitasTest" assertions="3" time="0.028209"/>
        <testcase name="test_buat_aktivitas_gagal_status_tidak_valid" file="C:\Users\ASUS\sikerma-polibatam\backend\tests\Feature\PengajuanAktivitasTest.php" line="138" class="Tests\Feature\PengajuanAktivitasTest" classname="Tests.Feature.PengajuanAktivitasTest" assertions="3" time="0.026749"/>
        <testcase name="test_buat_aktivitas_gagal_tanggal_tidak_valid" file="C:\Users\ASUS\sikerma-polibatam\backend\tests\Feature\PengajuanAktivitasTest.php" line="148" class="Tests\Feature\PengajuanAktivitasTest" classname="Tests.Feature.PengajuanAktivitasTest" assertions="3" time="0.027307"/>
        <testcase name="test_update_aktivitas_berhasil" file="C:\Users\ASUS\sikerma-polibatam\backend\tests\Feature\PengajuanAktivitasTest.php" line="162" class="Tests\Feature\PengajuanAktivitasTest" classname="Tests.Feature.PengajuanAktivitasTest" assertions="3" time="0.026900"/>
        <testcase name="test_update_aktivitas_tanpa_auth_ditolak" file="C:\Users\ASUS\sikerma-polibatam\backend\tests\Feature\PengajuanAktivitasTest.php" line="178" class="Tests\Feature\PengajuanAktivitasTest" classname="Tests.Feature.PengajuanAktivitasTest" assertions="1" time="0.022709"/>
        <testcase name="test_hapus_aktivitas_berhasil" file="C:\Users\ASUS\sikerma-polibatam\backend\tests\Feature\PengajuanAktivitasTest.php" line="191" class="Tests\Feature\PengajuanAktivitasTest" classname="Tests.Feature.PengajuanAktivitasTest" assertions="3" time="0.025109"/>
        <testcase name="test_hapus_aktivitas_tidak_ditemukan" file="C:\Users\ASUS\sikerma-polibatam\backend\tests\Feature\PengajuanAktivitasTest.php" line="203" class="Tests\Feature\PengajuanAktivitasTest" classname="Tests.Feature.PengajuanAktivitasTest" assertions="1" time="0.025082"/>
      </testsuite>
      <testsuite name="Tests\Feature\PengajuanTest" file="C:\Users\ASUS\sikerma-polibatam\backend\tests\Feature\PengajuanTest.php" tests="26" assertions="59" errors="0" failures="0" skipped="0" time="0.740524">
        <testcase name="test_daftar_pengajuan_berhasil" file="C:\Users\ASUS\sikerma-polibatam\backend\tests\Feature\PengajuanTest.php" line="55" class="Tests\Feature\PengajuanTest" classname="Tests.Feature.PengajuanTest" assertions="4" time="0.039978"/>
        <testcase name="test_filter_pengajuan_by_status" file="C:\Users\ASUS\sikerma-polibatam\backend\tests\Feature\PengajuanTest.php" line="67" class="Tests\Feature\PengajuanTest" classname="Tests.Feature.PengajuanTest" assertions="2" time="0.039377"/>
        <testcase name="test_filter_pengajuan_by_jenis_dokumen" file="C:\Users\ASUS\sikerma-polibatam\backend\tests\Feature\PengajuanTest.php" line="81" class="Tests\Feature\PengajuanTest" classname="Tests.Feature.PengajuanTest" assertions="2" time="0.028987"/>
        <testcase name="test_cari_pengajuan_berhasil" file="C:\Users\ASUS\sikerma-polibatam\backend\tests\Feature\PengajuanTest.php" line="95" class="Tests\Feature\PengajuanTest" classname="Tests.Feature.PengajuanTest" assertions="3" time="0.030046"/>
        <testcase name="test_daftar_pengajuan_tanpa_auth_ditolak" file="C:\Users\ASUS\sikerma-polibatam\backend\tests\Feature\PengajuanTest.php" line="107" class="Tests\Feature\PengajuanTest" classname="Tests.Feature.PengajuanTest" assertions="1" time="0.021989"/>
        <testcase name="test_buat_pengajuan_berhasil" file="C:\Users\ASUS\sikerma-polibatam\backend\tests\Feature\PengajuanTest.php" line="116" class="Tests\Feature\PengajuanTest" classname="Tests.Feature.PengajuanTest" assertions="4" time="0.026733"/>
        <testcase name="test_buat_pengajuan_auto_generate_nomor_pmh" file="C:\Users\ASUS\sikerma-polibatam\backend\tests\Feature\PengajuanTest.php" line="131" class="Tests\Feature\PengajuanTest" classname="Tests.Feature.PengajuanTest" assertions="2" time="0.026523"/>
        <testcase name="test_buat_pengajuan_auto_set_tahapan_awal" file="C:\Users\ASUS\sikerma-polibatam\backend\tests\Feature\PengajuanTest.php" line="142" class="Tests\Feature\PengajuanTest" classname="Tests.Feature.PengajuanTest" assertions="3" time="0.027443"/>
        <testcase name="test_buat_pengajuan_dengan_ruang_lingkup" file="C:\Users\ASUS\sikerma-polibatam\backend\tests\Feature\PengajuanTest.php" line="153" class="Tests\Feature\PengajuanTest" classname="Tests.Feature.PengajuanTest" assertions="2" time="0.028235"/>
        <testcase name="test_buat_pengajuan_gagal_nama_pengusul_kosong" file="C:\Users\ASUS\sikerma-polibatam\backend\tests\Feature\PengajuanTest.php" line="167" class="Tests\Feature\PengajuanTest" classname="Tests.Feature.PengajuanTest" assertions="3" time="0.027314"/>
        <testcase name="test_buat_pengajuan_gagal_judul_kosong" file="C:\Users\ASUS\sikerma-polibatam\backend\tests\Feature\PengajuanTest.php" line="176" class="Tests\Feature\PengajuanTest" classname="Tests.Feature.PengajuanTest" assertions="3" time="0.025352"/>
        <testcase name="test_buat_pengajuan_gagal_jenis_dokumen_tidak_valid" file="C:\Users\ASUS\sikerma-polibatam\backend\tests\Feature\PengajuanTest.php" line="185" class="Tests\Feature\PengajuanTest" classname="Tests.Feature.PengajuanTest" assertions="3" time="0.025153"/>
        <testcase name="test_buat_pengajuan_dengan_mitra_id" file="C:\Users\ASUS\sikerma-polibatam\backend\tests\Feature\PengajuanTest.php" line="194" class="Tests\Feature\PengajuanTest" classname="Tests.Feature.PengajuanTest" assertions="2" time="0.028548"/>
        <testcase name="test_buat_pengajuan_tanpa_auth_ditolak" file="C:\Users\ASUS\sikerma-polibatam\backend\tests\Feature\PengajuanTest.php" line="207" class="Tests\Feature\PengajuanTest" classname="Tests.Feature.PengajuanTest" assertions="1" time="0.021670"/>
        <testcase name="test_tampil_pengajuan_berhasil" file="C:\Users\ASUS\sikerma-polibatam\backend\tests\Feature\PengajuanTest.php" line="216" class="Tests\Feature\PengajuanTest" classname="Tests.Feature.PengajuanTest" assertions="2" time="0.029758"/>
        <testcase name="test_tampil_pengajuan_tidak_ditemukan" file="C:\Users\ASUS\sikerma-polibatam\backend\tests\Feature\PengajuanTest.php" line="226" class="Tests\Feature\PengajuanTest" classname="Tests.Feature.PengajuanTest" assertions="1" time="0.035143"/>
        <testcase name="test_admin_dapat_update_pengajuan" file="C:\Users\ASUS\sikerma-polibatam\backend\tests\Feature\PengajuanTest.php" line="237" class="Tests\Feature\PengajuanTest" classname="Tests.Feature.PengajuanTest" assertions="3" time="0.031685"/>
        <testcase name="test_admin_dapat_update_status_ke_diproses" file="C:\Users\ASUS\sikerma-polibatam\backend\tests\Feature\PengajuanTest.php" line="252" class="Tests\Feature\PengajuanTest" classname="Tests.Feature.PengajuanTest" assertions="2" time="0.031237"/>
        <testcase name="test_admin_dapat_update_status_ke_ditolak" file="C:\Users\ASUS\sikerma-polibatam\backend\tests\Feature\PengajuanTest.php" line="265" class="Tests\Feature\PengajuanTest" classname="Tests.Feature.PengajuanTest" assertions="2" time="0.030523"/>
        <testcase name="test_admin_dapat_update_status_ke_revisi" file="C:\Users\ASUS\sikerma-polibatam\backend\tests\Feature\PengajuanTest.php" line="279" class="Tests\Feature\PengajuanTest" classname="Tests.Feature.PengajuanTest" assertions="2" time="0.030996"/>
        <testcase name="test_update_pengajuan_ditolak_bukan_admin" file="C:\Users\ASUS\sikerma-polibatam\backend\tests\Feature\PengajuanTest.php" line="293" class="Tests\Feature\PengajuanTest" classname="Tests.Feature.PengajuanTest" assertions="1" time="0.024451"/>
        <testcase name="test_update_tahapan_berhasil" file="C:\Users\ASUS\sikerma-polibatam\backend\tests\Feature\PengajuanTest.php" line="307" class="Tests\Feature\PengajuanTest" classname="Tests.Feature.PengajuanTest" assertions="2" time="0.025782"/>
        <testcase name="test_update_tahapan_gagal_group_tidak_valid" file="C:\Users\ASUS\sikerma-polibatam\backend\tests\Feature\PengajuanTest.php" line="324" class="Tests\Feature\PengajuanTest" classname="Tests.Feature.PengajuanTest" assertions="3" time="0.024910"/>
        <testcase name="test_riwayat_tahapan_terakumulasi" file="C:\Users\ASUS\sikerma-polibatam\backend\tests\Feature\PengajuanTest.php" line="335" class="Tests\Feature\PengajuanTest" classname="Tests.Feature.PengajuanTest" assertions="2" time="0.025745"/>
        <testcase name="test_admin_dapat_hapus_pengajuan" file="C:\Users\ASUS\sikerma-polibatam\backend\tests\Feature\PengajuanTest.php" line="357" class="Tests\Feature\PengajuanTest" classname="Tests.Feature.PengajuanTest" assertions="3" time="0.024487"/>
        <testcase name="test_hapus_pengajuan_ditolak_bukan_admin" file="C:\Users\ASUS\sikerma-polibatam\backend\tests\Feature\PengajuanTest.php" line="368" class="Tests\Feature\PengajuanTest" classname="Tests.Feature.PengajuanTest" assertions="1" time="0.028462"/>
      </testsuite>
      <testsuite name="Tests\Feature\PublicEndpointTest" file="C:\Users\ASUS\sikerma-polibatam\backend\tests\Feature\PublicEndpointTest.php" tests="10" assertions="40" errors="0" failures="0" skipped="0" time="0.312850">
        <testcase name="test_carousel_images_dapat_diakses_tanpa_auth" file="C:\Users\ASUS\sikerma-polibatam\backend\tests\Feature\PublicEndpointTest.php" line="22" class="Tests\Feature\PublicEndpointTest" classname="Tests.Feature.PublicEndpointTest" assertions="1" time="0.050278"/>
        <testcase name="test_public_unit_prodi_dapat_diakses_tanpa_auth" file="C:\Users\ASUS\sikerma-polibatam\backend\tests\Feature\PublicEndpointTest.php" line="33" class="Tests\Feature\PublicEndpointTest" classname="Tests.Feature.PublicEndpointTest" assertions="4" time="0.021752"/>
        <testcase name="test_public_unit_prodi_hanya_tampilkan_yang_aktif" file="C:\Users\ASUS\sikerma-polibatam\backend\tests\Feature\PublicEndpointTest.php" line="50" class="Tests\Feature\PublicEndpointTest" classname="Tests.Feature.PublicEndpointTest" assertions="2" time="0.034598"/>
        <testcase name="test_public_kerjasama_dapat_diakses_tanpa_auth" file="C:\Users\ASUS\sikerma-polibatam\backend\tests\Feature\PublicEndpointTest.php" line="74" class="Tests\Feature\PublicEndpointTest" classname="Tests.Feature.PublicEndpointTest" assertions="8" time="0.023099"/>
        <testcase name="test_public_kerjasama_menampilkan_data" file="C:\Users\ASUS\sikerma-polibatam\backend\tests\Feature\PublicEndpointTest.php" line="85" class="Tests\Feature\PublicEndpointTest" classname="Tests.Feature.PublicEndpointTest" assertions="3" time="0.024408"/>
        <testcase name="test_public_kerjasama_per_page_maksimal_1000" file="C:\Users\ASUS\sikerma-polibatam\backend\tests\Feature\PublicEndpointTest.php" line="110" class="Tests\Feature\PublicEndpointTest" classname="Tests.Feature.PublicEndpointTest" assertions="3" time="0.024382"/>
        <testcase name="test_public_stats_dapat_diakses_tanpa_auth" file="C:\Users\ASUS\sikerma-polibatam\backend\tests\Feature\PublicEndpointTest.php" line="122" class="Tests\Feature\PublicEndpointTest" classname="Tests.Feature.PublicEndpointTest" assertions="10" time="0.025090"/>
        <testcase name="test_public_stats_total_kosong_saat_tidak_ada_data" file="C:\Users\ASUS\sikerma-polibatam\backend\tests\Feature\PublicEndpointTest.php" line="137" class="Tests\Feature\PublicEndpointTest" classname="Tests.Feature.PublicEndpointTest" assertions="3" time="0.025826"/>
        <testcase name="test_public_stats_menghitung_luar_negeri_dengan_benar" file="C:\Users\ASUS\sikerma-polibatam\backend\tests\Feature\PublicEndpointTest.php" line="146" class="Tests\Feature\PublicEndpointTest" classname="Tests.Feature.PublicEndpointTest" assertions="4" time="0.028861"/>
        <testcase name="test_kirim_otp_dapat_diakses_tanpa_auth" file="C:\Users\ASUS\sikerma-polibatam\backend\tests\Feature\PublicEndpointTest.php" line="205" class="Tests\Feature\PublicEndpointTest" classname="Tests.Feature.PublicEndpointTest" assertions="2" time="0.054557"/>
      </testsuite>
    </testsuite>
  </testsuite>
</testsuites>
